# JRE version: OpenJDK Runtime Environment (11.0.11+9) (build 11.0.11+9-b60-7590822)
# Java VM: OpenJDK 64-Bit Server VM (11.0.11+9-b60-7590822, mixed mode, tiered, compressed oops, g1 gc, windows-amd64)
Heap:
 garbage-first heap   total 374784K, used 255672K [0x0000000080000000, 0x0000000100000000)
  region size 1024K, 17 young (17408K), 9 survivors (9216K)
 Metaspace       used 138125K, capacity 142526K, committed 142720K, reserved 1173504K
  class space    used 17596K, capacity 19215K, committed 19328K, reserved 1048576K
GC Heap History (20 events):
Event: 456.176 GC heap before
{Heap before GC invocations=49 (full 0):
 garbage-first heap   total 260096K, used 188838K [0x0000000080000000, 0x0000000100000000)
  region size 1024K, 58 young (59392K), 3 survivors (3072K)
 Metaspace       used 117038K, capacity 120186K, committed 120448K, reserved 1153024K
  class space    used 14681K, capacity 15871K, committed 16000K, reserved 1048576K
}
Event: 456.182 GC heap after
{Heap after GC invocations=50 (full 0):
 garbage-first heap   total 260096K, used 135481K [0x0000000080000000, 0x0000000100000000)
  region size 1024K, 5 young (5120K), 5 survivors (5120K)
 Metaspace       used 117038K, capacity 120186K, committed 120448K, reserved 1153024K
  class space    used 14681K, capacity 15871K, committed 16000K, reserved 1048576K
}
Event: 457.094 GC heap before
{Heap before GC invocations=50 (full 0):
 garbage-first heap   total 260096K, used 192825K [0x0000000080000000, 0x0000000100000000)
  region size 1024K, 62 young (63488K), 5 survivors (5120K)
 Metaspace       used 118847K, capacity 122124K, committed 122368K, reserved 1155072K
  class space    used 14890K, capacity 16116K, committed 16128K, reserved 1048576K
}
Event: 457.105 GC heap after
{Heap after GC invocations=51 (full 0):
 garbage-first heap   total 260096K, used 139814K [0x0000000080000000, 0x0000000100000000)
  region size 1024K, 8 young (8192K), 8 survivors (8192K)
 Metaspace       used 118847K, capacity 122124K, committed 122368K, reserved 1155072K
  class space    used 14890K, capacity 16116K, committed 16128K, reserved 1048576K
}
Event: 458.071 GC heap before
{Heap before GC invocations=51 (full 0):
 garbage-first heap   total 260096K, used 203302K [0x0000000080000000, 0x0000000100000000)
  region size 1024K, 66 young (67584K), 8 survivors (8192K)
 Metaspace       used 119758K, capacity 123056K, committed 123264K, reserved 1157120K
  class space    used 14980K, capacity 16214K, committed 16256K, reserved 1048576K
}
Event: 458.082 GC heap after
{Heap after GC invocations=52 (full 0):
 garbage-first heap   total 312320K, used 151514K [0x0000000080000000, 0x0000000100000000)
  region size 1024K, 9 young (9216K), 9 survivors (9216K)
 Metaspace       used 119758K, capacity 123056K, committed 123264K, reserved 1157120K
  class space    used 14980K, capacity 16214K, committed 16256K, reserved 1048576K
}
Event: 459.368 GC heap before
{Heap before GC invocations=52 (full 0):
 garbage-first heap   total 312320K, used 235482K [0x0000000080000000, 0x0000000100000000)
  region size 1024K, 80 young (81920K), 9 survivors (9216K)
 Metaspace       used 123014K, capacity 126481K, committed 126592K, reserved 1159168K
  class space    used 15654K, capacity 16954K, committed 17024K, reserved 1048576K
}
Event: 459.386 GC heap after
{Heap after GC invocations=53 (full 0):
 garbage-first heap   total 312320K, used 171665K [0x0000000080000000, 0x0000000100000000)
  region size 1024K, 10 young (10240K), 10 survivors (10240K)
 Metaspace       used 123014K, capacity 126481K, committed 126592K, reserved 1159168K
  class space    used 15654K, capacity 16954K, committed 17024K, reserved 1048576K
}
Event: 460.052 GC heap before
{Heap before GC invocations=53 (full 0):
 garbage-first heap   total 312320K, used 235153K [0x0000000080000000, 0x0000000100000000)
  region size 1024K, 73 young (74752K), 10 survivors (10240K)
 Metaspace       used 125078K, capacity 128661K, committed 128896K, reserved 1161216K
  class space    used 15917K, capacity 17272K, committed 17280K, reserved 1048576K
}
Event: 460.084 GC heap after
{Heap after GC invocations=54 (full 0):
 garbage-first heap   total 312320K, used 200379K [0x0000000080000000, 0x0000000100000000)
  region size 1024K, 10 young (10240K), 10 survivors (10240K)
 Metaspace       used 125078K, capacity 128661K, committed 128896K, reserved 1161216K
  class space    used 15917K, capacity 17272K, committed 17280K, reserved 1048576K
}
Event: 460.551 GC heap before
{Heap before GC invocations=54 (full 0):
 garbage-first heap   total 312320K, used 244411K [0x0000000080000000, 0x0000000100000000)
  region size 1024K, 54 young (55296K), 10 survivors (10240K)
 Metaspace       used 126268K, capacity 130044K, committed 130176K, reserved 1161216K
  class space    used 16092K, capacity 17530K, committed 17536K, reserved 1048576K
}
Event: 460.570 GC heap after
{Heap after GC invocations=55 (full 0):
 garbage-first heap   total 312320K, used 208623K [0x0000000080000000, 0x0000000100000000)
  region size 1024K, 7 young (7168K), 7 survivors (7168K)
 Metaspace       used 126268K, capacity 130044K, committed 130176K, reserved 1161216K
  class space    used 16092K, capacity 17530K, committed 17536K, reserved 1048576K
}
Event: 461.095 GC heap before
{Heap before GC invocations=55 (full 0):
 garbage-first heap   total 312320K, used 252655K [0x0000000080000000, 0x0000000100000000)
  region size 1024K, 48 young (49152K), 7 survivors (7168K)
 Metaspace       used 126526K, capacity 130302K, committed 130560K, reserved 1163264K
  class space    used 16118K, capacity 17548K, committed 17664K, reserved 1048576K
}
Event: 461.108 GC heap after
{Heap after GC invocations=56 (full 0):
 garbage-first heap   total 374784K, used 214435K [0x0000000080000000, 0x0000000100000000)
  region size 1024K, 4 young (4096K), 4 survivors (4096K)
 Metaspace       used 126526K, capacity 130302K, committed 130560K, reserved 1163264K
  class space    used 16118K, capacity 17548K, committed 17664K, reserved 1048576K
}
Event: 461.711 GC heap before
{Heap before GC invocations=56 (full 0):
 garbage-first heap   total 374784K, used 291235K [0x0000000080000000, 0x0000000100000000)
  region size 1024K, 70 young (71680K), 4 survivors (4096K)
 Metaspace       used 126892K, capacity 130739K, committed 130816K, reserved 1163264K
  class space    used 16155K, capacity 17606K, committed 17664K, reserved 1048576K
}
Event: 461.724 GC heap after
{Heap after GC invocations=57 (full 0):
 garbage-first heap   total 374784K, used 235200K [0x0000000080000000, 0x0000000100000000)
  region size 1024K, 9 young (9216K), 9 survivors (9216K)
 Metaspace       used 126892K, capacity 130739K, committed 130816K, reserved 1163264K
  class space    used 16155K, capacity 17606K, committed 17664K, reserved 1048576K
}
Event: 463.016 GC heap before
{Heap before GC invocations=57 (full 0):
 garbage-first heap   total 374784K, used 295616K [0x0000000080000000, 0x0000000100000000)
  region size 1024K, 69 young (70656K), 9 survivors (9216K)
 Metaspace       used 127467K, capacity 131367K, committed 131712K, reserved 1163264K
  class space    used 16204K, capacity 17676K, committed 17792K, reserved 1048576K
}
Event: 463.029 GC heap after
{Heap after GC invocations=58 (full 0):
 garbage-first heap   total 374784K, used 231027K [0x0000000080000000, 0x0000000100000000)
  region size 1024K, 5 young (5120K), 5 survivors (5120K)
 Metaspace       used 127467K, capacity 131367K, committed 131712K, reserved 1163264K
  class space    used 16204K, capacity 17676K, committed 17792K, reserved 1048576K
}
Event: 464.059 GC heap before
{Heap before GC invocations=58 (full 0):
 garbage-first heap   total 374784K, used 296563K [0x0000000080000000, 0x0000000100000000)
  region size 1024K, 68 young (69632K), 5 survivors (5120K)
 Metaspace       used 134241K, capacity 138357K, committed 138496K, reserved 1169408K
  class space    used 17065K, capacity 18577K, committed 18688K, reserved 1048576K
}
Event: 464.067 GC heap after
{Heap after GC invocations=59 (full 0):
 garbage-first heap   total 374784K, used 238592K [0x0000000080000000, 0x0000000100000000)
  region size 1024K, 9 young (9216K), 9 survivors (9216K)
 Metaspace       used 134241K, capacity 138357K, committed 138496K, reserved 1169408K
  class space    used 17065K, capacity 18577K, committed 18688K, reserved 1048576K
}

